#
# There is insufficient memory for the Java Runtime Environment to continue.
# Native memory allocation (mmap) failed to map 268435456 bytes for Failed to commit area from 0x0000000700a00000 to 0x0000000710a00000 of length 268435456.
# Possible reasons:
#   The system is out of physical RAM or swap space
#   The process is running with CompressedOops enabled, and the Java Heap may be blocking the growth of the native heap
# Possible solutions:
#   Reduce memory load on the system
#   Increase physical memory or swap space
#   Check if swap backing store is full
#   Decrease Java heap size (-Xmx/-Xms)
#   Decrease number of Java threads
#   Decrease Java thread stack sizes (-Xss)
#   Set larger code cache with -XX:ReservedCodeCacheSize=
# This output file may be truncated or incomplete.
#
#  Out of Memory Error (t:/workspace/open/src/hotspot/os/windows/os_windows.cpp:3269), pid=22052, tid=20636
#
# JRE version:  (11.0.2+9) (build )
# Java VM: Java HotSpot(TM) 64-Bit Server VM (11.0.2+9-LTS, mixed mode, aot, sharing, tiered, compressed oops, g1 gc, windows-amd64)
# No core dump will be written. Minidumps are not enabled by default on client versions of Windows
#

---------------  S U M M A R Y ------------

Command Line: -Dfile.encoding=UTF-8 stuff.Main

Host: Intel(R) Core(TM) i7-6700K CPU @ 4.00GHz, 8 cores, 15G,  Windows 10 , 64 bit Build 18362 (10.0.18362.1082)
Time: Mon Oct  5 14:33:36 2020 Mitteleuropäische Sommerzeit elapsed time: 0 seconds (0d 0h 0m 0s)

---------------  T H R E A D  ---------------

Current thread (0x000001a6689d6000):  JavaThread "Unknown thread" [_thread_in_vm, id=20636, stack(0x00000071f9f00000,0x00000071fa000000)]

Stack: [0x00000071f9f00000,0x00000071fa000000]
Native frames: (J=compiled Java code, j=interpreted, Vv=VM code, C=native code)
V  [jvm.dll+0x63574a]
V  [jvm.dll+0x77326f]
V  [jvm.dll+0x77491a]
V  [jvm.dll+0x774fd3]
V  [jvm.dll+0x25e418]
V  [jvm.dll+0x632c0a]
V  [jvm.dll+0x627645]
V  [jvm.dll+0x314e7c]
V  [jvm.dll+0x314d02]
V  [jvm.dll+0x31a576]
V  [jvm.dll+0x36635f]
V  [jvm.dll+0x365d80]
V  [jvm.dll+0x2f19f8]
V  [jvm.dll+0x2f2b56]
V  [jvm.dll+0x74c817]
V  [jvm.dll+0x74df5f]
V  [jvm.dll+0x373179]
V  [jvm.dll+0x732eb9]
V  [jvm.dll+0x3e295d]
V  [jvm.dll+0x3e4c61]
C  [javaw.exe+0x3617]
C  [javaw.exe+0x17e2c]
C  [KERNEL32.DLL+0x17bd4]
C  [ntdll.dll+0x6ce51]


---------------  P R O C E S S  ---------------

Threads class SMR info:
_java_thread_list=0x000001a666893700, length=0, elements={
}

Java Threads: ( => current thread )

Other Threads:
  0x000001a66696b000 GCTaskThread "GC Thread#0" [stack: 0x00000071fa000000,0x00000071fa100000] [id=24360]
  0x000001a668a46000 ConcurrentGCThread "G1 Main Marker" [stack: 0x00000071fa100000,0x00000071fa200000] [id=24400]
  0x000001a668a48800 ConcurrentGCThread "G1 Conc#0" [stack: 0x00000071fa200000,0x00000071fa300000] [id=24396]

[error occurred during error reporting (printing all threads), id 0xc0000005, EXCEPTION_ACCESS_VIOLATION (0xc0000005) at pc=0x00007ffe4e650197]

VM state:not at safepoint (not fully initialized)

VM Mutex/Monitor currently owned by a thread:  ([mutex/lock_event])
[0x000001a6689d4520] Heap_lock - owner thread: 0x000001a6689d6000

Heap address: 0x0000000700a00000, size: 4086 MB, Compressed Oops mode: Non-zero based: 0x0000000700a00000
Narrow klass base: 0x0000000000000000, Narrow klass shift: 0

GC Heap History (0 events):
No events

Deoptimization events (0 events):
No events

Classes redefined (0 events):
No events

Internal exceptions (0 events):
No events

Events (0 events):
No events


Dynamic libraries:
0x00007ff707dd0000 - 0x00007ff707e17000 	C:\Program Files\Java\jdk-11.0.2\bin\javaw.exe
0x00007ffebc520000 - 0x00007ffebc710000 	C:\WINDOWS\SYSTEM32\ntdll.dll
0x00007ffebbdc0000 - 0x00007ffebbe72000 	C:\WINDOWS\System32\KERNEL32.DLL
0x00007ffeb9ab0000 - 0x00007ffeb9d55000 	C:\WINDOWS\System32\KERNELBASE.dll
0x00007ffeba5e0000 - 0x00007ffeba683000 	C:\WINDOWS\System32\ADVAPI32.dll
0x00007ffebc130000 - 0x00007ffebc1ce000 	C:\WINDOWS\System32\msvcrt.dll
0x00007ffebab50000 - 0x00007ffebabe7000 	C:\WINDOWS\System32\sechost.dll
0x00007ffebc320000 - 0x00007ffebc440000 	C:\WINDOWS\System32\RPCRT4.dll
0x00007ffebbf30000 - 0x00007ffebc0c5000 	C:\WINDOWS\System32\USER32.dll
0x00007ffeb9830000 - 0x00007ffeb9851000 	C:\WINDOWS\System32\win32u.dll
0x00007ffebc440000 - 0x00007ffebc466000 	C:\WINDOWS\System32\GDI32.dll
0x00007ffeb9690000 - 0x00007ffeb9826000 	C:\WINDOWS\System32\gdi32full.dll
0x00007ffeb9db0000 - 0x00007ffeb9e4e000 	C:\WINDOWS\System32\msvcp_win.dll
0x00007ffeb94e0000 - 0x00007ffeb95da000 	C:\WINDOWS\System32\ucrtbase.dll
0x00007ffeb3ab0000 - 0x00007ffeb3aba000 	C:\WINDOWS\SYSTEM32\VERSION.dll
0x00007ffeaa400000 - 0x00007ffeaa684000 	C:\WINDOWS\WinSxS\amd64_microsoft.windows.common-controls_6595b64144ccf1df_6.0.18362.1082_none_9e8193e1e45b25c1\COMCTL32.dll
0x00007ffeba760000 - 0x00007ffebaa95000 	C:\WINDOWS\System32\combase.dll
0x00007ffeb9a30000 - 0x00007ffeb9ab0000 	C:\WINDOWS\System32\bcryptPrimitives.dll
0x00007ffebaaa0000 - 0x00007ffebaace000 	C:\WINDOWS\System32\IMM32.DLL
0x00007ffea9750000 - 0x00007ffea9766000 	C:\Program Files\Java\jdk-11.0.2\bin\vcruntime140.dll
0x00007ffe90b30000 - 0x00007ffe90bda000 	C:\Program Files\Java\jdk-11.0.2\bin\msvcp140.dll
0x00007ffe4e350000 - 0x00007ffe4ee77000 	C:\Program Files\Java\jdk-11.0.2\bin\server\jvm.dll
0x00007ffebbba0000 - 0x00007ffebbba8000 	C:\WINDOWS\System32\PSAPI.DLL
0x00007ffeb21f0000 - 0x00007ffeb2214000 	C:\WINDOWS\SYSTEM32\WINMM.dll
0x00007ffeb2280000 - 0x00007ffeb2289000 	C:\WINDOWS\SYSTEM32\WSOCK32.dll
0x00007ffebc470000 - 0x00007ffebc4df000 	C:\WINDOWS\System32\WS2_32.dll
0x00007ffeb1ca0000 - 0x00007ffeb1ccd000 	C:\WINDOWS\SYSTEM32\WINMMBASE.dll
0x00007ffeb9d60000 - 0x00007ffeb9daa000 	C:\WINDOWS\System32\cfgmgr32.dll
0x00007ffeb93f0000 - 0x00007ffeb9401000 	C:\WINDOWS\System32\kernel.appcore.dll
0x00007ffeb1f40000 - 0x00007ffeb1f51000 	C:\Program Files\Java\jdk-11.0.2\bin\verify.dll
0x00007ffeb7370000 - 0x00007ffeb7564000 	C:\WINDOWS\SYSTEM32\DBGHELP.DLL
0x00007ffea1d10000 - 0x00007ffea1d3a000 	C:\WINDOWS\SYSTEM32\dbgcore.DLL
0x00007ffe9dc40000 - 0x00007ffe9dc69000 	C:\Program Files\Java\jdk-11.0.2\bin\java.dll
0x00007ffeb1cd0000 - 0x00007ffeb1ce6000 	C:\Program Files\Java\jdk-11.0.2\bin\zip.dll
0x00007ffeb21a0000 - 0x00007ffeb21aa000 	C:\Program Files\Java\jdk-11.0.2\bin\jimage.dll

dbghelp: loaded successfully - version: 4.0.5 - missing functions: none
symbol engine: initialized successfully - sym options: 0x614 - pdb path: .;C:\Program Files\Java\jdk-11.0.2\bin;C:\WINDOWS\SYSTEM32;C:\WINDOWS\WinSxS\amd64_microsoft.windows.common-controls_6595b64144ccf1df_6.0.18362.1082_none_9e8193e1e45b25c1;C:\Program Files\Java\jdk-11.0.2\bin\server

VM Arguments:
jvm_args: -Dfile.encoding=UTF-8 
java_command: stuff.Main
java_class_path (initial): C:\Users\User\eclipse-workspace\Assignment3-PP\bin
Launcher Type: SUN_STANDARD

[Global flags]
     intx CICompilerCount                          = 4                                         {product} {ergonomic}
     uint ConcGCThreads                            = 2                                         {product} {ergonomic}
     uint G1ConcRefinementThreads                  = 8                                         {product} {ergonomic}
   size_t G1HeapRegionSize                         = 1048576                                   {product} {ergonomic}
    uintx GCDrainStackTargetSize                   = 64                                        {product} {ergonomic}
   size_t InitialHeapSize                          = 268435456                                 {product} {ergonomic}
   size_t MarkStackSize                            = 4194304                                   {product} {ergonomic}
   size_t MaxHeapSize                              = 4284481536                                {product} {ergonomic}
   size_t MinHeapDeltaBytes                        = 1048576                                   {product} {ergonomic}
    uintx NonNMethodCodeHeapSize                   = 5835340                                {pd product} {ergonomic}
    uintx NonProfiledCodeHeapSize                  = 122911450                              {pd product} {ergonomic}
    uintx ProfiledCodeHeapSize                     = 122911450                              {pd product} {ergonomic}
    uintx ReservedCodeCacheSize                    = 251658240                              {pd product} {ergonomic}
     bool SegmentedCodeCache                       = true                                      {product} {ergonomic}
     bool UseCompressedClassPointers               = true                                 {lp64_product} {ergonomic}
     bool UseCompressedOops                        = true                                 {lp64_product} {ergonomic}
     bool UseG1GC                                  = true                                      {product} {ergonomic}
     bool UseLargePagesIndividualAllocation        = false                                  {pd product} {ergonomic}

Logging:
Log output configuration:
 #0: stdout all=warning uptime,level,tags
 #1: stderr all=off uptime,level,tags

Environment Variables:
JAVA_HOME=C:\Program Files (x86)\Java\jre1.8.0_151
PATH=C:/Program Files/Java/jdk-11.0.2/bin/server;C:/Program Files/Java/jdk-11.0.2/bin;C:\Rtools\bin;C:\Program Files (x86)\Common Files\Oracle\Java\javapath;C:\ProgramData\Oracle\Java\javapath;C:\Program Files (x86)\Common Files\Intel\Shared Libraries\redist\intel64\compiler;C:\Windows\system32;C:\Windows;C:\Windows\System32\Wbem;C:\Windows\System32\WindowsPowerShell\v1.0\;C:\WINDOWS\system32;C:\WINDOWS;C:\WINDOWS\System32\Wbem;C:\WINDOWS\System32\WindowsPowerShell\v1.0\;C:\Program Files (x86)\NVIDIA Corporation\PhysX\Common;C:\WINDOWS\System32\OpenSSH\;C:\Program Files\Git\cmd;C:\Program Files\NVIDIA Corporation\NVIDIA NvDLISR;C:\WINDOWS\system32;C:\WINDOWS;C:\WINDOWS\System32\Wbem;C:\WINDOWS\System32\WindowsPowerShell\v1.0\;C:\WINDOWS\System32\OpenSSH\;C:\Program Files (x86)\Java\jre1.8.0_151\bin;F:\Uni\SWE III\apache-maven-3.6.3\bin;F:\Uni\SWE III\apache-maven-3.6.3\bin;F:\Uni\SWE III\apache-maven-3.6.3\bin;C:\Users\User\AppData\Local\Programs\Python\Python38\Scripts\;C:\Users\User\AppData\Local\Programs\Python\Python38\;C:\Users\User\AppData\Local\Microsoft\WindowsApps;;C:\Users\User\Desktop;
USERNAME=User
OS=Windows_NT
PROCESSOR_IDENTIFIER=Intel64 Family 6 Model 94 Stepping 3, GenuineIntel



---------------  S Y S T E M  ---------------

OS: Windows 10 , 64 bit Build 18362 (10.0.18362.1082)

CPU:total 8 (initial active 8) (4 cores per cpu, 2 threads per core) family 6 model 94 stepping 3, cmov, cx8, fxsr, mmx, sse, sse2, sse3, ssse3, sse4.1, sse4.2, popcnt, avx, avx2, aes, clmul, erms, rtm, 3dnowpref, lzcnt, ht, tsc, tscinvbit, bmi1, bmi2, adx, fma

Memory: 4k page, system-wide physical 16343M (6911M free)
TotalPageFile size 35599M (AvailPageFile size 232M)
current process WorkingSet (physical memory assigned to process): 10M, peak: 10M
current process commit charge ("private bytes"): 60M, peak: 316M

vm_info: Java HotSpot(TM) 64-Bit Server VM (11.0.2+9-LTS) for windows-amd64 JRE (11.0.2+9-LTS), built on Jan 18 2019 05:24:10 by "mach5one" with MS VC++ 15.5 (VS2017)

END.
